d:\code\handbrake compression gui\handbrak.c428d655\x64\debug\handbrake compression gui.pch
d:\code\handbrake compression gui\handbrak.c428d655\x64\debug\vc143.pdb
d:\code\handbrake compression gui\handbrak.c428d655\x64\debug\pch.obj
d:\code\handbrake compression gui\handbrak.c428d655\x64\debug\videofilemanager.obj
d:\code\handbrake compression gui\handbrak.c428d655\x64\debug\form1.obj
d:\code\handbrake compression gui\handbrak.c428d655\x64\debug\cppclr_winformsproject.obj
d:\code\handbrake compression gui\handbrak.c428d655\x64\debug\assemblyinfo.obj
d:\code\handbrake compression gui\handbrak.c428d655\x64\debug\.netframework,version=v4.7.2.assemblyattributes.obj
d:\code\handbrake compression gui\x64\debug\handbrake compression gui.exe
d:\code\handbrake compression gui\x64\debug\handbrake compression gui.pdb
d:\code\handbrake compression gui\handbrak.c428d655\x64\debug\app.res
d:\code\handbrake compression gui\handbrak.c428d655\x64\debug\handbrak.c428d655.tlog\cl.command.1.tlog
d:\code\handbrake compression gui\handbrak.c428d655\x64\debug\handbrak.c428d655.tlog\cl.items.tlog
d:\code\handbrake compression gui\handbrak.c428d655\x64\debug\handbrak.c428d655.tlog\cl.read.1.tlog
d:\code\handbrake compression gui\handbrak.c428d655\x64\debug\handbrak.c428d655.tlog\cl.write.1.tlog
d:\code\handbrake compression gui\handbrak.c428d655\x64\debug\handbrak.c428d655.tlog\link.command.1.tlog
d:\code\handbrake compression gui\handbrak.c428d655\x64\debug\handbrak.c428d655.tlog\link.read.1.tlog
d:\code\handbrake compression gui\handbrak.c428d655\x64\debug\handbrak.c428d655.tlog\link.secondary.1.tlog
d:\code\handbrake compression gui\handbrak.c428d655\x64\debug\handbrak.c428d655.tlog\link.write.1.tlog
d:\code\handbrake compression gui\handbrak.c428d655\x64\debug\handbrak.c428d655.tlog\metagen.read.1.tlog
d:\code\handbrake compression gui\handbrak.c428d655\x64\debug\handbrak.c428d655.tlog\metagen.write.1.tlog
d:\code\handbrake compression gui\handbrak.c428d655\x64\debug\handbrak.c428d655.tlog\rc.command.1.tlog
d:\code\handbrake compression gui\handbrak.c428d655\x64\debug\handbrak.c428d655.tlog\rc.read.1.tlog
d:\code\handbrake compression gui\handbrak.c428d655\x64\debug\handbrak.c428d655.tlog\rc.write.1.tlog
d:\code\handbrake compression gui\handbrak.c428d655\x64\debug\handbrak.c428d655.tlog\resgen.command.1.tlog
d:\code\handbrake compression gui\handbrak.c428d655\x64\debug\handbrak.c428d655.tlog\resgen.read.1.tlog
d:\code\handbrake compression gui\handbrak.c428d655\x64\debug\handbrak.c428d655.tlog\resgen.write.1.tlog
